2, 32, 4030, 33, 1040, 1.15656e+19, 1.11188e-05, 4224, 4224, 66, 3.79897e+08, 2898.38, 45.2872
10, 6000, 6000, 10, 938.281, 2.39858e+21, 0.00293894, 1.2e+06, 1.2e+06, 100, 4.0831e+08, 3115.16, 0.259597
12, 7000, 7000, 30, 2299.69, 5.29801e+21, 0.0131657, 5.04e+06, 5.04e+06, 360, 3.82814e+08, 2920.64, 0.208617
35, 8000, 8000, 33, 4259.02, 1.08542e+22, 0.04632, 1.848e+07, 1.848e+07, 1155, 3.98964e+08, 3043.85, 0.190241
53, 8300, 8300, 43, 6242.8, 1.58435e+22, 0.0964667, 3.78314e+07, 3.78314e+07, 2279, 3.9217e+08, 2992.02, 0.180242
56, 9012, 9012, 42, 6918.19, 1.74752e+22, 0.107846, 4.23924e+07, 4.23924e+07, 2352, 3.93085e+08, 2999, 0.166389
60, 9500, 9500, 60, 8934.38, 2.28007e+22, 0.176164, 6.84e+07, 6.84e+07, 3600, 3.88274e+08, 2962.3, 0.15591
66, 10000, 10000, 66, 10346.5, 2.636e+22, 0.215287, 8.712e+07, 8.712e+07, 4356, 4.0467e+08, 3087.38, 0.154369
77, 12345, 12345, 77, 14898.9, 3.80616e+22, 0.388142, 1.46387e+08, 1.46387e+08, 5929, 3.77148e+08, 2877.41, 0.116542
80, 14231, 14231, 82, 18062.4, 4.6138e+22, 0.5554, 1.86711e+08, 1.86711e+08, 6560, 3.36174e+08, 2564.8, 0.0901132
85, 23124, 23124, 87, 31130.6, 7.96173e+22, 0.960586, 3.42004e+08, 3.42004e+08, 7395, 3.56037e+08, 2716.35, 0.0587344
90, 25341, 25341, 89, 35500.4, 9.06874e+22, 1.42249, 4.05963e+08, 4.05963e+08, 8010, 2.85388e+08, 2177.34, 0.0429608
101, 45678, 45678, 101, 72165.3, 1.84452e+23, 3.87217, 9.31923e+08, 9.31923e+08, 10201, 2.40672e+08, 1836.18, 0.0200992
123, 56789, 56789, 123, 109260, 2.79413e+23, 6.66525, 1.71832e+09, 1.71832e+09, 15129, 2.57803e+08, 1966.88, 0.0173174
234, 99999, 99999, 231, 363700, 9.29765e+23, 40.923, 1.08107e+10, 1.08107e+10, 54054, 2.64171e+08, 2015.47, 0.0100774
256, 100000, 100000, 256, 400512, 1.02397e+24, 58.0524, 1.31072e+10, 1.31072e+10, 65536, 2.25782e+08, 1722.58, 0.0086129
268, 100231, 100231, 268, 420278, 1.07465e+24, 62.2543, 1.4398e+10, 1.4398e+10, 71824, 2.31277e+08, 1764.5, 0.00880218
300, 110000, 110000, 300, 516328, 1.31977e+24, 88.0281, 1.98e+10, 1.98e+10, 90000, 2.24928e+08, 1716.07, 0.0078003
350, 120000, 120000, 350, 657207, 1.67971e+24, 161.98, 2.94e+10, 2.94e+10, 122500, 1.81504e+08, 1384.76, 0.00576985
400, 130000, 130000, 400, 813750, 2.07988e+24, 219.713, 4.16e+10, 4.16e+10, 160000, 1.89338e+08, 1444.53, 0.0055559
