b-- 5
2, 32, 32, 2, 1.03125, 1.48547e+18, 6.36364e-07, 256, 256, 8, 402.286, 3069.2, 95.9124
b-- 2
4, 64, 64, 4, 4.125, 2.48708e+18, 1.35455e-05, 2048, 2048, 64, 151.195, 1153.52, 36.0476
b-- 12
8, 128, 128, 8, 16.5, 4.92116e+18, 3.88182e-05, 16384, 16384, 512, 422.07, 3220.14, 100.629
b-- 12
16, 256, 256, 16, 66, 9.53242e+18, 0.000308636, 131072, 131072, 4096, 424.681, 3240.06, 101.252
b-- 12
32, 700, 700, 32, 358, 1.61909e+19, 0.00335791, 1.4336e+06, 1.4336e+06, 45056, 426.932, 3257.24, 102.37
b-- 12
56, 901, 901, 42, 708.203, 1.01655e+19, 0.009946, 4.2383e+06, 4.2383e+06, 134064, 426.132, 3251.13, 102.838
b-- 12
60, 2500, 2500, 60, 2371.88, 1.02345e+19, 0.0424122, 1.8e+07, 1.8e+07, 565200, 424.406, 3237.96, 101.672
b-- 11
66, 7000, 7000, 66, 7252.78, 2.14711e+19, 0.147208, 6.0984e+07, 6.0984e+07, 1.90793e+06, 414.27, 3160.63, 98.8825
b-- 12
77, 12000, 12000, 77, 14483.8, 5.12697e+19, 0.343046, 1.42296e+08, 1.42296e+08, 4.44675e+06, 414.801, 3164.68, 98.8963
b-- 13
80, 14231, 14231, 82, 18062.4, 3.58889e+19, 0.455728, 1.86711e+08, 1.86711e+08, 6.22544e+06, 409.698, 3125.74, 104.221
b-- 12
85, 23124, 23124, 87, 31130.6, 3.2307e+19, 0.827383, 3.42004e+08, 3.42004e+08, 1.14031e+07, 413.356, 3153.66, 105.149
b-- 13
90, 25341, 25341, 89, 35500.4, 2.30162e+19, 1.00334, 4.05963e+08, 4.05963e+08, 1.35369e+07, 404.61, 3086.93, 102.934
b-- 12
101, 45678, 45678, 101, 72165.3, 1.44223e+19, 2.34406, 9.31923e+08, 9.31923e+08, 3.10722e+07, 397.568, 3033.2, 101.133
b-- 12
123, 56789, 56789, 123, 109260, 6.95433e+19, 4.30636, 1.71832e+09, 1.71832e+09, 5.72784e+07, 399.019, 3044.27, 101.478
b-- 12
234, 99999, 99999, 231, 363700, 8.76113e+19, 26.4628, 1.08107e+10, 1.08107e+10, 3.60378e+08, 408.524, 3116.79, 103.899
b-- 12
256, 100000, 100000, 256, 400512, 1.05744e+20, 32.5146, 1.31072e+10, 1.31072e+10, 4.36929e+08, 403.118, 3075.55, 102.523
