2, 32, 32, 1, 0.765625, 1.81599e+18, 1.0495e-06, 128, 128, 2, 1.21962e+08, 930.498, 14.539
4, 64, 64, 1, 2.53125, 5.14142e+18, 3.54455e-06, 512, 512, 4, 1.44447e+08, 1102.04, 8.60971
6, 128, 128, 1, 7.04688, 1.19579e+19, 1.01287e-05, 1536, 1536, 6, 1.51648e+08, 1156.98, 4.51947
8, 256, 256, 1, 18.0625, 2.98443e+19, 1.00297e-05, 4096, 4096, 8, 4.08387e+08, 3115.75, 6.08544
10, 512, 512, 1, 44.0781, 6.36884e+19, 6.82178e-05, 10240, 10240, 10, 1.50107e+08, 1145.23, 1.11839
12, 1024, 1024, 1, 104.094, 1.4027e+20, 8.38317e-05, 24576, 24576, 12, 2.93159e+08, 2236.62, 1.0921
14, 2048, 2048, 1, 240.109, 3.13226e+20, 0.000139396, 57344, 57344, 14, 4.11375e+08, 3138.54, 0.766245
16, 4096, 4096, 1, 544.125, 6.62814e+20, 0.000318554, 131072, 131072, 16, 4.11459e+08, 3139.18, 0.383201
18, 8192, 8192, 1, 1216.14, 1.39388e+21, 0.000710287, 294912, 294912, 18, 4.15201e+08, 3167.73, 0.193343
20, 16384, 16384, 1, 2688.16, 2.94745e+21, 0.00158538, 655360, 655360, 20, 4.13378e+08, 3153.83, 0.0962471
22, 32768, 32768, 1, 5888.17, 6.13418e+21, 0.0035282, 1.44179e+06, 1.44179e+06, 22, 4.08648e+08, 3117.74, 0.0475729
24, 65536, 65536, 1, 12800.2, 1.2855e+22, 0.00813446, 3.14573e+06, 3.14573e+06, 24, 3.86716e+08, 2950.41, 0.0225099
26, 131072, 131072, 1, 27648.2, 2.67515e+22, 0.0180622, 6.81574e+06, 6.81574e+06, 26, 3.77349e+08, 2878.95, 0.0109823
28, 262144, 262144, 1, 59392.2, 5.55872e+22, 0.0428261, 1.46801e+07, 1.46801e+07, 28, 3.42783e+08, 2615.22, 0.00498815
30, 524288, 524288, 1, 126976, 1.1501e+23, 0.0912024, 3.14573e+07, 3.14573e+07, 30, 3.44917e+08, 2631.51, 0.0025096
32, 1048576, 1048576, 1, 270336, 2.37161e+23, 0.193435, 6.71089e+07, 6.71089e+07, 32, 3.46932e+08, 2646.88, 0.00126213
34, 1011111, 1011111, 1, 276476, 2.35965e+23, 0.197455, 6.87555e+07, 6.87555e+07, 34, 3.48209e+08, 2656.63, 0.00131372
36, 2345123, 2345123, 1, 677887, 5.63176e+23, 0.489221, 1.68849e+08, 1.68849e+08, 36, 3.45138e+08, 2633.2, 0.000561419
38, 2800000, 2800000, 1, 853125, 6.90389e+23, 0.609419, 2.128e+08, 2.128e+08, 38, 3.49185e+08, 2664.07, 0.000475727
40, 3100000, 3100000, 1, 992969, 7.84192e+23, 0.717912, 2.48e+08, 2.48e+08, 40, 3.45446e+08, 2635.54, 0.000425088
