2, 32, 32, 1, 0.765625, 1.81599e+18, 1.06931e-06, 128, 128, 2, 119.704, 913.267, 14.2698
4, 64, 64, 1, 2.53125, 5.14142e+18, 3.55446e-06, 512, 512, 4, 144.045, 1098.97, 8.58573
6, 128, 128, 1, 7.04688, 1.19579e+19, 1.01584e-05, 1536, 1536, 6, 151.205, 1153.6, 4.50625
8, 256, 256, 1, 18.0625, 2.98443e+19, 2.6703e-05, 4096, 4096, 8, 153.391, 1170.28, 2.28571
10, 512, 512, 1, 44.0781, 6.36884e+19, 6.83366e-05, 10240, 10240, 10, 149.846, 1143.24, 1.11644
12, 1024, 1024, 1, 104.094, 1.4027e+20, 7.04257e-05, 24576, 24576, 12, 348.963, 2662.38, 1.29999
14, 2048, 2048, 1, 240.109, 3.13226e+20, 0.000171317, 57344, 57344, 14, 334.725, 2553.75, 0.623474
16, 4096, 4096, 1, 544.125, 6.62814e+20, 0.000321921, 131072, 131072, 16, 407.156, 3106.35, 0.379194
18, 8192, 8192, 1, 1216.14, 1.39388e+21, 0.000714891, 294912, 294912, 18, 412.527, 3147.33, 0.192098
20, 16384, 16384, 1, 2688.16, 2.94745e+21, 0.00157935, 655360, 655360, 20, 414.956, 3165.87, 0.0966146
22, 32768, 32768, 1, 5888.17, 6.13418e+21, 0.0035175, 1.44179e+06, 1.44179e+06, 22, 409.892, 3127.23, 0.0477177
24, 65536, 65536, 1, 12800.2, 1.2855e+22, 0.00804199, 3.14573e+06, 3.14573e+06, 24, 391.163, 2984.34, 0.0227687
26, 131072, 131072, 1, 27648.2, 2.67515e+22, 0.0179918, 6.81574e+06, 6.81574e+06, 26, 378.824, 2890.2, 0.0110252
28, 262144, 262144, 1, 59392.2, 5.55872e+22, 0.0427056, 1.46801e+07, 1.46801e+07, 28, 343.751, 2622.61, 0.00500223
30, 524288, 524288, 1, 126976, 1.1501e+23, 0.0924959, 3.14573e+07, 3.14573e+07, 30, 340.094, 2594.71, 0.00247451
32, 1048576, 1048576, 1, 270336, 2.37161e+23, 0.19537, 6.71089e+07, 6.71089e+07, 32, 343.497, 2620.67, 0.00124963
34, 1011111, 1011111, 1, 276476, 2.35965e+23, 0.201123, 6.87555e+07, 6.87555e+07, 34, 341.858, 2608.17, 0.00128975
36, 2345123, 2345123, 1, 677887, 5.63176e+23, 0.49434, 1.68849e+08, 1.68849e+08, 36, 341.564, 2605.93, 0.000555606
38, 2800000, 2800000, 1, 853125, 6.90389e+23, 0.623247, 2.128e+08, 2.128e+08, 38, 341.438, 2604.96, 0.000465172
40, 3100000, 3100000, 1, 992969, 7.84192e+23, 0.723113, 2.48e+08, 2.48e+08, 40, 342.962, 2616.59, 0.000422031
