1, 64, 64, 1, 1.00781, 2.97686e+18, 9.90099e-07, 128, 128, 1, 1.2928e+08, 986.328, 7.70569
1, 128, 128, 1, 2.00781, 5.2395e+18, 1.80198e-06, 256, 256, 1, 1.42066e+08, 1083.88, 4.23389
1, 256, 256, 1, 4.00781, 9.9846e+18, 3.46535e-06, 512, 512, 1, 1.47749e+08, 1127.23, 2.20163
1, 512, 512, 1, 8.00781, 2.06323e+19, 7.0099e-06, 1024, 1024, 1, 1.46079e+08, 1114.5, 1.08837
1, 1024, 1024, 1, 16.0078, 4.0535e+19, 1.41881e-05, 2048, 2048, 1, 1.44346e+08, 1101.27, 0.537731
1, 2048, 2048, 1, 32.0078, 7.93587e+19, 1.05644e-05, 4096, 4096, 1, 3.87719e+08, 2958.06, 0.722183
1, 4096, 4096, 1, 64.0078, 1.5856e+20, 2.10495e-05, 8192, 8192, 1, 3.89178e+08, 2969.19, 0.36245
1, 8192, 8192, 1, 128.008, 3.25391e+20, 3.9396e-05, 16384, 16384, 1, 4.15879e+08, 3172.91, 0.193659
1, 16384, 16384, 1, 256.008, 6.50995e+20, 7.9604e-05, 32768, 32768, 1, 4.11638e+08, 3140.55, 0.0958419
1, 32768, 32768, 1, 512.008, 1.30436e+21, 0.000157762, 65536, 65536, 1, 4.1541e+08, 3169.32, 0.04836
1, 65536, 65536, 1, 1024.01, 2.61517e+21, 0.00033096, 131072, 131072, 1, 3.96035e+08, 3021.51, 0.0230523
1, 131072, 131072, 1, 2048.01, 5.25456e+21, 0.00067295, 262144, 262144, 1, 3.89544e+08, 2971.99, 0.0113372
1, 262144, 262144, 1, 4096.01, 1.05234e+22, 0.00152268, 524288, 524288, 1, 3.44319e+08, 2626.94, 0.00501049
1, 524288, 524288, 1, 8192.01, 2.09686e+22, 0.00302199, 1.04858e+06, 1.04858e+06, 1, 3.46982e+08, 2647.26, 0.00252463
1, 1048576, 1048576, 1, 16384, 4.19468e+22, 0.00622046, 2.09715e+06, 2.09715e+06, 1, 3.37138e+08, 2572.16, 0.0012265
1, 2097152, 2097152, 1, 32768, 8.38733e+22, 0.0121126, 4.1943e+06, 4.1943e+06, 1, 3.46276e+08, 2641.88, 0.000629873
1, 4194304, 4194304, 1, 65536, 1.67879e+23, 0.0243036, 8.38861e+06, 8.38861e+06, 1, 3.45158e+08, 2633.35, 0.00031392
1, 8388608, 8388608, 1, 131072, 3.35477e+23, 0.0484006, 1.67772e+07, 1.67772e+07, 1, 3.46633e+08, 2644.6, 0.00015763
1, 16777216, 16777216, 1, 262144, 6.70932e+23, 0.0972665, 3.35544e+07, 3.35544e+07, 1, 3.44974e+08, 2631.94, 7.84381e-05
1, 33554432, 33554432, 1, 524288, 1.3423e+24, 0.197571, 6.71089e+07, 6.71089e+07, 1, 3.3967e+08, 2591.48, 3.8616e-05
