1, 64, 64, 1, 1.00781, 2.97686e+18, 1e-06, 128, 128, 1, 128, 976.563, 7.62939
1, 128, 128, 1, 2.00781, 5.2395e+18, 1.83168e-06, 256, 256, 1, 139.762, 1066.3, 4.16524
1, 256, 256, 1, 4.00781, 9.9846e+18, 3.67327e-06, 512, 512, 1, 139.385, 1063.43, 2.077
1, 512, 512, 1, 8.00781, 2.06323e+19, 7.08911e-06, 1024, 1024, 1, 144.447, 1102.04, 1.07621
1, 1024, 1024, 1, 16.0078, 4.0535e+19, 1.40297e-05, 2048, 2048, 1, 145.976, 1113.71, 0.543803
1, 2048, 2048, 1, 32.0078, 7.93587e+19, 2.83168e-05, 4096, 4096, 1, 144.649, 1103.58, 0.26943
1, 4096, 4096, 1, 64.0078, 1.5856e+20, 2.54653e-05, 8192, 8192, 1, 321.692, 2454.32, 0.299599
1, 8192, 8192, 1, 128.008, 3.25391e+20, 3.91287e-05, 16384, 16384, 1, 418.721, 3194.59, 0.194982
1, 16384, 16384, 1, 256.008, 6.50995e+20, 7.81287e-05, 32768, 32768, 1, 419.41, 3199.85, 0.0976516
1, 32768, 32768, 1, 512.008, 1.30436e+21, 0.000160386, 65536, 65536, 1, 408.614, 3117.48, 0.0475689
1, 65536, 65536, 1, 1024.01, 2.61517e+21, 0.000328396, 131072, 131072, 1, 399.128, 3045.1, 0.0232323
1, 131072, 131072, 1, 2048.01, 5.25456e+21, 0.000673337, 262144, 262144, 1, 389.321, 2970.28, 0.0113307
1, 262144, 262144, 1, 4096.01, 1.05234e+22, 0.00154733, 524288, 524288, 1, 338.835, 2585.1, 0.00493069
1, 524288, 524288, 1, 8192.01, 2.09686e+22, 0.00308076, 1.04858e+06, 1.04858e+06, 1, 340.363, 2596.76, 0.00247646
1, 1048576, 1048576, 1, 16384, 4.19468e+22, 0.0061895, 2.09715e+06, 2.09715e+06, 1, 338.824, 2585.03, 0.00123264
1, 2097152, 2097152, 1, 32768, 8.38733e+22, 0.01213, 4.1943e+06, 4.1943e+06, 1, 345.78, 2638.09, 0.00062897
1, 4194304, 4194304, 1, 65536, 1.67879e+23, 0.0245541, 8.38861e+06, 8.38861e+06, 1, 341.637, 2606.48, 0.000310717
1, 8388608, 8388608, 1, 131072, 3.35477e+23, 0.0490649, 1.67772e+07, 1.67772e+07, 1, 341.939, 2608.79, 0.000155496
1, 16777216, 16777216, 1, 262144, 6.70932e+23, 0.0981577, 3.35544e+07, 3.35544e+07, 1, 341.842, 2608.05, 7.77259e-05
1, 33554432, 33554432, 1, 524288, 1.3423e+24, 0.196248, 6.71089e+07, 6.71089e+07, 1, 341.959, 2608.94, 3.88763e-05
